2017-11-14 12:57:01 [QueryLastPlace.go.22] INF ==========================æŸ¥è¯¢GPSå¼€å§‹ï¼š%s %s/127.0.0.1
2017-11-14 12:57:01 [QueryLastPlace.go.35] DBG select longitude, latitude ,gps_time,addtime,speed,temperature from cry_coldchain where car_code='123'   and longitude+0<399
		 order by addtime desc limit 0,1
2017-11-14 12:57:01 [QueryLastPlace.go.37] WRN Error 1146: Table 'crydb.cry_coldchain' doesn't exist
2017-11-14 12:57:01 [QueryLastPlace.go.38] INF ==========================æŸ¥è¯¢GPSç»“æŸ


2017-11-14 12:57:50 [QueryLastPlace.go.22] INF ==========================æŸ¥è¯¢GPSå¼€å§‹ï¼š%s %s/127.0.0.1
2017-11-14 12:57:50 [QueryLastPlace.go.35] DBG select longitude, latitude ,gps_time,addtime,speed,temperature from cry_coldchain where car_code='123'   and longitude+0<399
		 order by addtime desc limit 0,1
2017-11-14 12:57:50 [QueryLastPlace.go.37] WRN Error 1146: Table 'crydb.cry_coldchain' doesn't exist
2017-11-14 12:57:50 [QueryLastPlace.go.38] INF ==========================æŸ¥è¯¢GPSç»“æŸ


2017-11-14 14:41:03 [QueryLastPlace.go.22] INF ==========================æŸ¥è¯¢GPSå¼€å§‹ï¼š%s %s/127.0.0.1
2017-11-14 14:41:03 [QueryLastPlace.go.35] DBG select longitude, latitude ,gps_time,addtime,speed,temperature from cry_coldchain where car_code='123'   and longitude+0<399
		 order by addtime desc limit 0,1
2017-11-14 14:41:03 [QueryLastPlace.go.37] WRN Error 1146: Table 'crydb.cry_coldchain' doesn't exist
2017-11-14 14:41:03 [QueryLastPlace.go.38] INF ==========================æŸ¥è¯¢GPSç»“æŸ


2017-11-14 14:41:32 [QueryLastPlace.go.22] INF ==========================æŸ¥è¯¢GPSå¼€å§‹ï¼š%s %s/127.0.0.1
2017-11-14 14:41:32 [QueryLastPlace.go.35] DBG select longitude, latitude ,gps_time,addtime,speed,temperature from cry_coldchain where car_code='123'   and longitude+0<399
		 order by addtime desc limit 0,1
2017-11-14 14:41:32 [QueryLastPlace.go.37] WRN Error 1146: Table 'crydb.cry_coldchain' doesn't exist
2017-11-14 14:41:32 [QueryLastPlace.go.38] INF ==========================æŸ¥è¯¢GPSç»“æŸ


2017-11-14 14:42:00 [QueryLastPlace.go.22] INF ==========================æŸ¥è¯¢GPSå¼€å§‹ï¼š%s %s/127.0.0.1
2017-11-14 14:42:00 [QueryLastPlace.go.35] DBG select longitude, latitude ,gps_time,addtime,speed,temperature from cry_coldchain where car_code='123'   and longitude+0<399
		 order by addtime desc limit 0,1
2017-11-14 14:42:00 [QueryLastPlace.go.37] WRN Error 1146: Table 'crydb.cry_coldchain' doesn't exist
2017-11-14 14:42:00 [QueryLastPlace.go.38] INF ==========================æŸ¥è¯¢GPSç»“æŸ


[GIN] 2017/11/14 - 14:42:00 | 200 [0m|     416.487Âµs |       127.0.0.1 |  GET [0m    /
2017-11-14 14:42:08 [QueryLastPlace.go.22] INF ==========================æŸ¥è¯¢GPSå¼€å§‹ï¼š%s %s/127.0.0.1
2017-11-14 14:42:08 [QueryLastPlace.go.35] DBG select longitude, latitude ,gps_time,addtime,speed,temperature from cry_coldchain where car_code='123'   and longitude+0<399
		 order by addtime desc limit 0,1
2017-11-14 14:42:08 [QueryLastPlace.go.37] WRN Error 1146: Table 'crydb.cry_coldchain' doesn't exist
2017-11-14 14:42:08 [QueryLastPlace.go.38] INF ==========================æŸ¥è¯¢GPSç»“æŸ


[GIN] 2017/11/14 - 14:42:08 | 200 [0m|     430.835Âµs |       127.0.0.1 |  GET [0m    /
2017-11-14 14:43:30 [QueryLastPlace.go.22] INF ==========================æŸ¥è¯¢GPSå¼€å§‹ï¼š%s %s/127.0.0.1
2017-11-14 14:43:30 [QueryLastPlace.go.35] DBG select longitude, latitude ,gps_time,addtime,speed,temperature from cry_coldchain where car_code='123'   and longitude+0<399
		 order by addtime desc limit 0,1
2017-11-14 14:43:30 [QueryLastPlace.go.37] WRN Error 1146: Table 'crydb.cry_coldchain' doesn't exist
2017-11-14 14:43:30 [QueryLastPlace.go.38] INF ==========================æŸ¥è¯¢GPSç»“æŸ


2017-11-14 14:47:47 [QueryLastPlace.go.22] INF ==========================æŸ¥è¯¢GPSå¼€å§‹ï¼š%s %s/127.0.0.1
2017-11-14 14:47:47 [QueryLastPlace.go.35] DBG select longitude, latitude ,gps_time,addtime,speed,temperature from cry_coldchain where car_code='123'   and longitude+0<399
		 order by addtime desc limit 0,1
2017-11-14 14:47:47 [QueryLastPlace.go.97] INF ==========================æŸ¥è¯¢GPSç»“æŸ


2017-11-15 12:48:33 [main.go.25] INF =======ç›‘å¬æœ¬åœ°ç«¯å£
2017-11-15 12:48:33 [main.go.26] INF =======æ•°æ®åº“åœ°å€:localhost
2017-11-15 12:48:33 [main.go.27] INF =======æ•°æ®åº“ç”¨æˆ·:root
2017-11-15 12:48:33 [main.go.28] INF =======æ•°æ®åº“å¯†ç :123123
2017-11-15 12:48:33 [main.go.30] INF =======æ•°æ®åº“åç§°:crydb
2017-11-15 12:49:02 [main.go.25] INF =======ç›‘å¬æœ¬åœ°ç«¯å£15555
2017-11-15 12:49:02 [main.go.26] INF =======æ•°æ®åº“åœ°å€:localhost
2017-11-15 12:49:02 [main.go.27] INF =======æ•°æ®åº“ç”¨æˆ·:root
2017-11-15 12:49:02 [main.go.28] INF =======æ•°æ®åº“å¯†ç :123123
2017-11-15 12:49:02 [main.go.30] INF =======æ•°æ®åº“åç§°:crydb
2017-11-15 12:49:29 [main.go.25] INF =======ç›‘å¬æœ¬åœ°ç«¯å£:15555
2017-11-15 12:49:29 [main.go.26] INF =======æ•°æ®åº“åœ°å€:localhost
2017-11-15 12:49:29 [main.go.27] INF =======æ•°æ®åº“ç”¨æˆ·:root
2017-11-15 12:49:29 [main.go.28] INF =======æ•°æ®åº“å¯†ç :123123
2017-11-15 12:49:29 [main.go.30] INF =======æ•°æ®åº“åç§°:crydb
2017-11-15 12:49:48 [main.go.25] INF =======æœåŠ¡å™¨ç«¯å£:15555
2017-11-15 12:49:48 [main.go.26] INF =======æ•°æ®åº“åœ°å€:localhost
2017-11-15 12:49:48 [main.go.27] INF =======æ•°æ®åº“ç”¨æˆ·:root
2017-11-15 12:49:48 [main.go.28] INF =======æ•°æ®åº“å¯†ç :123123
2017-11-15 12:49:48 [main.go.30] INF =======æ•°æ®åº“åç§°:crydb
2017-11-15 12:54:32 [main.go.26] INF =======æœåŠ¡å™¨ç«¯å£:15555
2017-11-15 12:54:32 [main.go.27] INF =======æ•°æ®åº“åœ°å€:localhost
2017-11-15 12:54:32 [main.go.28] INF =======æ•°æ®åº“ç«¯å£:3306
2017-11-15 12:54:32 [main.go.29] INF =======æ•°æ®åº“ç”¨æˆ·:root
2017-11-15 12:54:32 [main.go.30] INF =======æ•°æ®åº“å¯†ç :123123
2017-11-15 12:54:32 [main.go.33] INF =======æ•°æ®åº“åç§°:crydb
2017-11-15 12:54:32 [main.go.34] INF Mysqlæ•°æ®åº“è¿žæŽ¥ä¿¡æ¯root:123123@tcp(localhost:3306)/crydb?charset=utf8
2017-11-15 13:01:43 [main.go.37] INF =======æœåŠ¡å™¨ç«¯å£:15555
2017-11-15 13:01:43 [main.go.38] INF =======æ•°æ®åº“åœ°å€:localhost
2017-11-15 13:01:43 [main.go.39] INF =======æ•°æ®åº“ç«¯å£:3306
2017-11-15 13:01:43 [main.go.40] INF =======æ•°æ®åº“ç”¨æˆ·:root
2017-11-15 13:01:43 [main.go.41] INF =======æ•°æ®åº“å¯†ç :123123
2017-11-15 13:01:43 [main.go.44] INF =======æ•°æ®åº“åç§°:crydb
2017-11-15 13:01:43 [main.go.45] INF Mysqlæ•°æ®åº“è¿žæŽ¥ä¿¡æ¯:root:123123@tcp(localhost:3306)/crydb?charset=utf8
